2022-11-26 15:50:12.389  INFO 46794 --- [restartedMain] i.g.j.mscartoes.MscartoesApplication     : Starting MscartoesApplication using Java 17.0.5 on joosecj-pc with PID 46794 (/home/joosecj/Development/Cursos/domineMicroservicesEMensageriaComSpringCloudEDocker/mscartoes/target/classes started by joosecj in /home/joosecj/Development/Cursos/domineMicroservicesEMensageriaComSpringCloudEDocker/mscartoes)
2022-11-26 15:50:12.391  INFO 46794 --- [restartedMain] i.g.j.mscartoes.MscartoesApplication     : No active profile set, falling back to 1 default profile: "default"
2022-11-26 15:50:12.519  INFO 46794 --- [restartedMain] .e.DevToolsPropertyDefaultsPostProcessor : Devtools property defaults active! Set 'spring.devtools.add-properties' to 'false' to disable
2022-11-26 15:50:12.520  INFO 46794 --- [restartedMain] .e.DevToolsPropertyDefaultsPostProcessor : For additional web related logging consider setting the 'logging.level.web' property to 'DEBUG'
2022-11-26 15:50:14.210  INFO 46794 --- [restartedMain] .s.d.r.c.RepositoryConfigurationDelegate : Bootstrapping Spring Data JPA repositories in DEFAULT mode.
2022-11-26 15:50:14.493  INFO 46794 --- [restartedMain] .s.d.r.c.RepositoryConfigurationDelegate : Finished Spring Data repository scanning in 273 ms. Found 2 JPA repository interfaces.
2022-11-26 15:50:14.951  INFO 46794 --- [restartedMain] o.s.cloud.context.scope.GenericScope     : BeanFactory id=77ff4769-3475-3207-84fb-919735a47431
2022-11-26 15:50:15.754  INFO 46794 --- [restartedMain] o.s.b.w.embedded.tomcat.TomcatWebServer  : Tomcat initialized with port(s): 0 (http)
2022-11-26 15:50:15.766  INFO 46794 --- [restartedMain] o.apache.catalina.core.StandardService   : Starting service [Tomcat]
2022-11-26 15:50:15.766  INFO 46794 --- [restartedMain] org.apache.catalina.core.StandardEngine  : Starting Servlet engine: [Apache Tomcat/9.0.68]
2022-11-26 15:50:15.860  INFO 46794 --- [restartedMain] o.a.c.c.C.[Tomcat].[localhost].[/]       : Initializing Spring embedded WebApplicationContext
2022-11-26 15:50:15.860  INFO 46794 --- [restartedMain] w.s.c.ServletWebServerApplicationContext : Root WebApplicationContext: initialization completed in 3339 ms
2022-11-26 15:50:15.914  INFO 46794 --- [restartedMain] com.zaxxer.hikari.HikariDataSource       : HikariPool-1 - Starting...
2022-11-26 15:50:16.152  INFO 46794 --- [restartedMain] com.zaxxer.hikari.HikariDataSource       : HikariPool-1 - Start completed.
2022-11-26 15:50:16.165  INFO 46794 --- [restartedMain] o.s.b.a.h2.H2ConsoleAutoConfiguration    : H2 console available at '/h2-console'. Database available at 'jdbc:h2:mem:068e3c44-f5c1-42dc-83d7-c0751c5d4f3d'
2022-11-26 15:50:16.356  INFO 46794 --- [restartedMain] o.hibernate.jpa.internal.util.LogHelper  : HHH000204: Processing PersistenceUnitInfo [name: default]
2022-11-26 15:50:16.410  INFO 46794 --- [restartedMain] org.hibernate.Version                    : HHH000412: Hibernate ORM core version 5.6.12.Final
2022-11-26 15:50:16.571  INFO 46794 --- [restartedMain] o.hibernate.annotations.common.Version   : HCANN000001: Hibernate Commons Annotations {5.1.2.Final}
2022-11-26 15:50:16.701  INFO 46794 --- [restartedMain] org.hibernate.dialect.Dialect            : HHH000400: Using dialect: org.hibernate.dialect.H2Dialect
2022-11-26 15:50:17.347  INFO 46794 --- [restartedMain] o.h.e.t.j.p.i.JtaPlatformInitiator       : HHH000490: Using JtaPlatform implementation: [org.hibernate.engine.transaction.jta.platform.internal.NoJtaPlatform]
2022-11-26 15:50:17.355  INFO 46794 --- [restartedMain] j.LocalContainerEntityManagerFactoryBean : Initialized JPA EntityManagerFactory for persistence unit 'default'
2022-11-26 15:50:17.881  WARN 46794 --- [restartedMain] JpaBaseConfiguration$JpaWebConfiguration : spring.jpa.open-in-view is enabled by default. Therefore, database queries may be performed during view rendering. Explicitly configure spring.jpa.open-in-view to disable this warning
2022-11-26 15:50:19.086  WARN 46794 --- [restartedMain] o.s.b.d.a.OptionalLiveReloadServer       : Unable to start LiveReload server
2022-11-26 15:50:19.153  INFO 46794 --- [restartedMain] DiscoveryClientOptionalArgsConfiguration : Eureka HTTP Client uses RestTemplate.
2022-11-26 15:50:19.280  WARN 46794 --- [restartedMain] iguration$LoadBalancerCaffeineWarnLogger : Spring Cloud LoadBalancer is currently working with the default cache. While this cache implementation is useful for development and tests, it's recommended to use Caffeine cache in production.You can switch to using Caffeine cache, by adding it and org.springframework.cache.caffeine.CaffeineCacheManager to the classpath.
2022-11-26 15:50:19.494  INFO 46794 --- [restartedMain] o.s.b.w.embedded.tomcat.TomcatWebServer  : Tomcat started on port(s): 35529 (http) with context path ''
2022-11-26 15:50:19.496  INFO 46794 --- [restartedMain] .s.c.n.e.s.EurekaAutoServiceRegistration : Updating port to 35529
2022-11-26 15:50:19.501  INFO 46794 --- [restartedMain] o.s.c.n.eureka.InstanceInfoFactory       : Setting initial instance status as: STARTING
2022-11-26 15:50:19.538  INFO 46794 --- [restartedMain] com.netflix.discovery.DiscoveryClient    : Initializing Eureka in region us-east-1
2022-11-26 15:50:19.544  INFO 46794 --- [restartedMain] c.n.d.s.r.aws.ConfigClusterResolver      : Resolving eureka endpoints via configuration
2022-11-26 15:50:19.566  INFO 46794 --- [restartedMain] com.netflix.discovery.DiscoveryClient    : Disable delta property : false
2022-11-26 15:50:19.566  INFO 46794 --- [restartedMain] com.netflix.discovery.DiscoveryClient    : Single vip registry refresh property : null
2022-11-26 15:50:19.566  INFO 46794 --- [restartedMain] com.netflix.discovery.DiscoveryClient    : Force full registry fetch : false
2022-11-26 15:50:19.566  INFO 46794 --- [restartedMain] com.netflix.discovery.DiscoveryClient    : Application is null : false
2022-11-26 15:50:19.566  INFO 46794 --- [restartedMain] com.netflix.discovery.DiscoveryClient    : Registered Applications size is zero : true
2022-11-26 15:50:19.566  INFO 46794 --- [restartedMain] com.netflix.discovery.DiscoveryClient    : Application version is -1: true
2022-11-26 15:50:19.567  INFO 46794 --- [restartedMain] com.netflix.discovery.DiscoveryClient    : Getting all instance registry info from the eureka server
2022-11-26 15:50:19.964  INFO 46794 --- [restartedMain] com.netflix.discovery.DiscoveryClient    : The response status is 200
2022-11-26 15:50:19.968  INFO 46794 --- [restartedMain] com.netflix.discovery.DiscoveryClient    : Starting heartbeat executor: renew interval is: 30
2022-11-26 15:50:19.975  INFO 46794 --- [restartedMain] c.n.discovery.InstanceInfoReplicator     : InstanceInfoReplicator onDemand update allowed rate per min is 4
2022-11-26 15:50:19.983  INFO 46794 --- [restartedMain] com.netflix.discovery.DiscoveryClient    : Discovery Client initialized at timestamp 1669488619982 with initial instances count: 2
2022-11-26 15:50:19.987  INFO 46794 --- [restartedMain] o.s.c.n.e.s.EurekaServiceRegistry        : Registering application MSCARTOES with eureka with status UP
2022-11-26 15:50:19.988  INFO 46794 --- [restartedMain] com.netflix.discovery.DiscoveryClient    : Saw local status change event StatusChangeEvent [timestamp=1669488619988, current=UP, previous=STARTING]
2022-11-26 15:50:19.990  INFO 46794 --- [DiscoveryClient-InstanceInfoReplicator-0] com.netflix.discovery.DiscoveryClient    : DiscoveryClient_MSCARTOES/mscartoes:344404a2288b8bb2ff0114db659fc87c: registering service...
2022-11-26 15:50:20.001  INFO 46794 --- [restartedMain] o.s.a.r.c.CachingConnectionFactory       : Attempting to connect to: [localhost:5672]
2022-11-26 15:50:20.140  INFO 46794 --- [DiscoveryClient-InstanceInfoReplicator-0] com.netflix.discovery.DiscoveryClient    : DiscoveryClient_MSCARTOES/mscartoes:344404a2288b8bb2ff0114db659fc87c - registration status: 204
2022-11-26 15:50:20.269  INFO 46794 --- [restartedMain] o.s.a.r.c.CachingConnectionFactory       : Created new connection: rabbitConnectionFactory#75a7b04d:0/SimpleConnection@3dd160f3 [delegate=amqp://guest@127.0.0.1:5672/, localPort= 43778]
2022-11-26 15:50:20.440  INFO 46794 --- [restartedMain] i.g.j.mscartoes.MscartoesApplication     : Started MscartoesApplication in 9.152 seconds (JVM running for 10.673)
2022-11-26 15:50:30.180  INFO 46794 --- [http-nio-auto-1-exec-1] o.a.c.c.C.[Tomcat].[localhost].[/]       : Initializing Spring DispatcherServlet 'dispatcherServlet'
2022-11-26 15:50:30.180  INFO 46794 --- [http-nio-auto-1-exec-1] o.s.web.servlet.DispatcherServlet        : Initializing Servlet 'dispatcherServlet'
2022-11-26 15:50:30.182  INFO 46794 --- [http-nio-auto-1-exec-1] o.s.web.servlet.DispatcherServlet        : Completed initialization in 2 ms
2022-11-26 15:52:32.962  INFO 46794 --- [SpringApplicationShutdownHook] o.s.c.n.e.s.EurekaServiceRegistry        : Unregistering application MSCARTOES with eureka with status DOWN
2022-11-26 15:52:32.962  INFO 46794 --- [SpringApplicationShutdownHook] com.netflix.discovery.DiscoveryClient    : Saw local status change event StatusChangeEvent [timestamp=1669488752962, current=DOWN, previous=UP]
2022-11-26 15:52:32.962  INFO 46794 --- [DiscoveryClient-InstanceInfoReplicator-0] com.netflix.discovery.DiscoveryClient    : DiscoveryClient_MSCARTOES/mscartoes:344404a2288b8bb2ff0114db659fc87c: registering service...
2022-11-26 15:52:32.969  INFO 46794 --- [DiscoveryClient-InstanceInfoReplicator-0] com.netflix.discovery.DiscoveryClient    : DiscoveryClient_MSCARTOES/mscartoes:344404a2288b8bb2ff0114db659fc87c - registration status: 204
2022-11-26 15:52:32.974  INFO 46794 --- [org.springframework.amqp.rabbit.RabbitListenerEndpointContainer#0-2] o.s.a.r.l.SimpleMessageListenerContainer : Waiting for workers to finish.
2022-11-26 15:52:33.452  INFO 46794 --- [org.springframework.amqp.rabbit.RabbitListenerEndpointContainer#0-2] o.s.a.r.l.SimpleMessageListenerContainer : Successfully waited for workers to finish.
2022-11-26 15:52:33.481  INFO 46794 --- [SpringApplicationShutdownHook] o.s.a.r.l.SimpleMessageListenerContainer : Shutdown ignored - container is already stopped
2022-11-26 15:52:33.483  INFO 46794 --- [SpringApplicationShutdownHook] j.LocalContainerEntityManagerFactoryBean : Closing JPA EntityManagerFactory for persistence unit 'default'
2022-11-26 15:52:33.484  INFO 46794 --- [SpringApplicationShutdownHook] .SchemaDropperImpl$DelayedDropActionImpl : HHH000477: Starting delayed evictData of schema as part of SessionFactory shut-down'
2022-11-26 15:52:33.698  WARN 46794 --- [SpringApplicationShutdownHook] o.s.b.f.support.DisposableBeanAdapter    : Invocation of destroy method failed on bean with name 'inMemoryDatabaseShutdownExecutor': org.h2.jdbc.JdbcSQLNonTransientConnectionException: Database is already closed (to disable automatic closing at VM shutdown, add ";DB_CLOSE_ON_EXIT=FALSE" to the db URL) [90121-214]
2022-11-26 15:52:33.701  INFO 46794 --- [SpringApplicationShutdownHook] com.zaxxer.hikari.HikariDataSource       : HikariPool-1 - Shutdown initiated...
2022-11-26 15:52:33.733  INFO 46794 --- [SpringApplicationShutdownHook] com.zaxxer.hikari.HikariDataSource       : HikariPool-1 - Shutdown completed.
2022-11-26 15:52:33.734  INFO 46794 --- [SpringApplicationShutdownHook] com.netflix.discovery.DiscoveryClient    : Shutting down DiscoveryClient ...
2022-11-26 15:52:36.736  INFO 46794 --- [SpringApplicationShutdownHook] com.netflix.discovery.DiscoveryClient    : Unregistering ...
2022-11-26 15:52:36.742  INFO 46794 --- [SpringApplicationShutdownHook] com.netflix.discovery.DiscoveryClient    : DiscoveryClient_MSCARTOES/mscartoes:344404a2288b8bb2ff0114db659fc87c - deregister  status: 200
2022-11-26 15:52:36.752  INFO 46794 --- [SpringApplicationShutdownHook] com.netflix.discovery.DiscoveryClient    : Completed shut down of DiscoveryClient
2022-11-26 15:52:40.878  INFO 47580 --- [restartedMain] i.g.j.mscartoes.MscartoesApplication     : Starting MscartoesApplication using Java 17.0.5 on joosecj-pc with PID 47580 (/home/joosecj/Development/Cursos/domineMicroservicesEMensageriaComSpringCloudEDocker/mscartoes/target/classes started by joosecj in /home/joosecj/Development/Cursos/domineMicroservicesEMensageriaComSpringCloudEDocker/mscartoes)
2022-11-26 15:52:40.880  INFO 47580 --- [restartedMain] i.g.j.mscartoes.MscartoesApplication     : No active profile set, falling back to 1 default profile: "default"
2022-11-26 15:52:40.952  INFO 47580 --- [restartedMain] .e.DevToolsPropertyDefaultsPostProcessor : Devtools property defaults active! Set 'spring.devtools.add-properties' to 'false' to disable
2022-11-26 15:52:40.952  INFO 47580 --- [restartedMain] .e.DevToolsPropertyDefaultsPostProcessor : For additional web related logging consider setting the 'logging.level.web' property to 'DEBUG'
2022-11-26 15:52:41.976  INFO 47580 --- [restartedMain] .s.d.r.c.RepositoryConfigurationDelegate : Bootstrapping Spring Data JPA repositories in DEFAULT mode.
2022-11-26 15:52:42.107  INFO 47580 --- [restartedMain] .s.d.r.c.RepositoryConfigurationDelegate : Finished Spring Data repository scanning in 122 ms. Found 2 JPA repository interfaces.
2022-11-26 15:52:42.402  INFO 47580 --- [restartedMain] o.s.cloud.context.scope.GenericScope     : BeanFactory id=77ff4769-3475-3207-84fb-919735a47431
2022-11-26 15:52:42.999  INFO 47580 --- [restartedMain] o.s.b.w.embedded.tomcat.TomcatWebServer  : Tomcat initialized with port(s): 0 (http)
2022-11-26 15:52:43.009  INFO 47580 --- [restartedMain] o.apache.catalina.core.StandardService   : Starting service [Tomcat]
2022-11-26 15:52:43.010  INFO 47580 --- [restartedMain] org.apache.catalina.core.StandardEngine  : Starting Servlet engine: [Apache Tomcat/9.0.68]
2022-11-26 15:52:43.115  INFO 47580 --- [restartedMain] o.a.c.c.C.[Tomcat].[localhost].[/]       : Initializing Spring embedded WebApplicationContext
2022-11-26 15:52:43.115  INFO 47580 --- [restartedMain] w.s.c.ServletWebServerApplicationContext : Root WebApplicationContext: initialization completed in 2162 ms
2022-11-26 15:52:43.147  INFO 47580 --- [restartedMain] com.zaxxer.hikari.HikariDataSource       : HikariPool-1 - Starting...
2022-11-26 15:52:43.373  INFO 47580 --- [restartedMain] com.zaxxer.hikari.HikariDataSource       : HikariPool-1 - Start completed.
2022-11-26 15:52:43.385  INFO 47580 --- [restartedMain] o.s.b.a.h2.H2ConsoleAutoConfiguration    : H2 console available at '/h2-console'. Database available at 'jdbc:h2:mem:80a773a6-4e20-45a1-9408-033aac7860f8'
2022-11-26 15:52:43.545  INFO 47580 --- [restartedMain] o.hibernate.jpa.internal.util.LogHelper  : HHH000204: Processing PersistenceUnitInfo [name: default]
2022-11-26 15:52:43.593  INFO 47580 --- [restartedMain] org.hibernate.Version                    : HHH000412: Hibernate ORM core version 5.6.12.Final
2022-11-26 15:52:43.743  INFO 47580 --- [restartedMain] o.hibernate.annotations.common.Version   : HCANN000001: Hibernate Commons Annotations {5.1.2.Final}
2022-11-26 15:52:43.863  INFO 47580 --- [restartedMain] org.hibernate.dialect.Dialect            : HHH000400: Using dialect: org.hibernate.dialect.H2Dialect
2022-11-26 15:52:44.439  INFO 47580 --- [restartedMain] o.h.e.t.j.p.i.JtaPlatformInitiator       : HHH000490: Using JtaPlatform implementation: [org.hibernate.engine.transaction.jta.platform.internal.NoJtaPlatform]
2022-11-26 15:52:44.447  INFO 47580 --- [restartedMain] j.LocalContainerEntityManagerFactoryBean : Initialized JPA EntityManagerFactory for persistence unit 'default'
2022-11-26 15:52:44.963  WARN 47580 --- [restartedMain] JpaBaseConfiguration$JpaWebConfiguration : spring.jpa.open-in-view is enabled by default. Therefore, database queries may be performed during view rendering. Explicitly configure spring.jpa.open-in-view to disable this warning
2022-11-26 15:52:46.026  WARN 47580 --- [restartedMain] o.s.b.d.a.OptionalLiveReloadServer       : Unable to start LiveReload server
2022-11-26 15:52:46.090  INFO 47580 --- [restartedMain] DiscoveryClientOptionalArgsConfiguration : Eureka HTTP Client uses RestTemplate.
2022-11-26 15:52:46.206  WARN 47580 --- [restartedMain] iguration$LoadBalancerCaffeineWarnLogger : Spring Cloud LoadBalancer is currently working with the default cache. While this cache implementation is useful for development and tests, it's recommended to use Caffeine cache in production.You can switch to using Caffeine cache, by adding it and org.springframework.cache.caffeine.CaffeineCacheManager to the classpath.
2022-11-26 15:52:46.365  INFO 47580 --- [restartedMain] o.s.b.w.embedded.tomcat.TomcatWebServer  : Tomcat started on port(s): 38851 (http) with context path ''
2022-11-26 15:52:46.369  INFO 47580 --- [restartedMain] .s.c.n.e.s.EurekaAutoServiceRegistration : Updating port to 38851
2022-11-26 15:52:46.375  INFO 47580 --- [restartedMain] o.s.c.n.eureka.InstanceInfoFactory       : Setting initial instance status as: STARTING
2022-11-26 15:52:46.414  INFO 47580 --- [restartedMain] com.netflix.discovery.DiscoveryClient    : Initializing Eureka in region us-east-1
2022-11-26 15:52:46.418  INFO 47580 --- [restartedMain] c.n.d.s.r.aws.ConfigClusterResolver      : Resolving eureka endpoints via configuration
2022-11-26 15:52:46.440  INFO 47580 --- [restartedMain] com.netflix.discovery.DiscoveryClient    : Disable delta property : false
2022-11-26 15:52:46.440  INFO 47580 --- [restartedMain] com.netflix.discovery.DiscoveryClient    : Single vip registry refresh property : null
2022-11-26 15:52:46.440  INFO 47580 --- [restartedMain] com.netflix.discovery.DiscoveryClient    : Force full registry fetch : false
2022-11-26 15:52:46.440  INFO 47580 --- [restartedMain] com.netflix.discovery.DiscoveryClient    : Application is null : false
2022-11-26 15:52:46.441  INFO 47580 --- [restartedMain] com.netflix.discovery.DiscoveryClient    : Registered Applications size is zero : true
2022-11-26 15:52:46.441  INFO 47580 --- [restartedMain] com.netflix.discovery.DiscoveryClient    : Application version is -1: true
2022-11-26 15:52:46.441  INFO 47580 --- [restartedMain] com.netflix.discovery.DiscoveryClient    : Getting all instance registry info from the eureka server
2022-11-26 15:52:46.814  INFO 47580 --- [restartedMain] com.netflix.discovery.DiscoveryClient    : The response status is 200
2022-11-26 15:52:46.817  INFO 47580 --- [restartedMain] com.netflix.discovery.DiscoveryClient    : Starting heartbeat executor: renew interval is: 30
2022-11-26 15:52:46.820  INFO 47580 --- [restartedMain] c.n.discovery.InstanceInfoReplicator     : InstanceInfoReplicator onDemand update allowed rate per min is 4
2022-11-26 15:52:46.825  INFO 47580 --- [restartedMain] com.netflix.discovery.DiscoveryClient    : Discovery Client initialized at timestamp 1669488766824 with initial instances count: 4
2022-11-26 15:52:46.828  INFO 47580 --- [restartedMain] o.s.c.n.e.s.EurekaServiceRegistry        : Registering application MSCARTOES with eureka with status UP
2022-11-26 15:52:46.828  INFO 47580 --- [restartedMain] com.netflix.discovery.DiscoveryClient    : Saw local status change event StatusChangeEvent [timestamp=1669488766828, current=UP, previous=STARTING]
2022-11-26 15:52:46.830  INFO 47580 --- [DiscoveryClient-InstanceInfoReplicator-0] com.netflix.discovery.DiscoveryClient    : DiscoveryClient_MSCARTOES/mscartoes:cb32c9c3775b2f6903cb0ce994ba536d: registering service...
2022-11-26 15:52:46.833  INFO 47580 --- [restartedMain] o.s.a.r.c.CachingConnectionFactory       : Attempting to connect to: [localhost:5672]
2022-11-26 15:52:46.902  INFO 47580 --- [restartedMain] o.s.a.r.c.CachingConnectionFactory       : Created new connection: rabbitConnectionFactory#3fdb1c08:0/SimpleConnection@79c304b1 [delegate=amqp://guest@127.0.0.1:5672/, localPort= 57744]
2022-11-26 15:52:46.963  INFO 47580 --- [restartedMain] i.g.j.mscartoes.MscartoesApplication     : Started MscartoesApplication in 6.773 seconds (JVM running for 7.573)
2022-11-26 15:52:46.972  INFO 47580 --- [DiscoveryClient-InstanceInfoReplicator-0] com.netflix.discovery.DiscoveryClient    : DiscoveryClient_MSCARTOES/mscartoes:cb32c9c3775b2f6903cb0ce994ba536d - registration status: 204
2022-11-26 15:53:02.371  INFO 47580 --- [http-nio-auto-1-exec-1] o.a.c.c.C.[Tomcat].[localhost].[/]       : Initializing Spring DispatcherServlet 'dispatcherServlet'
2022-11-26 15:53:02.371  INFO 47580 --- [http-nio-auto-1-exec-1] o.s.web.servlet.DispatcherServlet        : Initializing Servlet 'dispatcherServlet'
2022-11-26 15:53:02.372  INFO 47580 --- [http-nio-auto-1-exec-1] o.s.web.servlet.DispatcherServlet        : Completed initialization in 1 ms
2022-11-26 15:53:32.783  INFO 47580 --- [http-nio-auto-1-exec-1] o.springdoc.api.AbstractOpenApiResource  : Init duration for springdoc-openapi is: 151 ms
2022-11-26 15:55:06.764  INFO 47580 --- [SpringApplicationShutdownHook] o.s.c.n.e.s.EurekaServiceRegistry        : Unregistering application MSCARTOES with eureka with status DOWN
2022-11-26 15:55:06.764  INFO 47580 --- [SpringApplicationShutdownHook] com.netflix.discovery.DiscoveryClient    : Saw local status change event StatusChangeEvent [timestamp=1669488906764, current=DOWN, previous=UP]
2022-11-26 15:55:06.765  INFO 47580 --- [DiscoveryClient-InstanceInfoReplicator-0] com.netflix.discovery.DiscoveryClient    : DiscoveryClient_MSCARTOES/mscartoes:cb32c9c3775b2f6903cb0ce994ba536d: registering service...
2022-11-26 15:55:06.772  INFO 47580 --- [DiscoveryClient-InstanceInfoReplicator-0] com.netflix.discovery.DiscoveryClient    : DiscoveryClient_MSCARTOES/mscartoes:cb32c9c3775b2f6903cb0ce994ba536d - registration status: 204
2022-11-26 15:55:06.777  INFO 47580 --- [org.springframework.amqp.rabbit.RabbitListenerEndpointContainer#0-2] o.s.a.r.l.SimpleMessageListenerContainer : Waiting for workers to finish.
2022-11-26 15:55:06.970  INFO 47580 --- [org.springframework.amqp.rabbit.RabbitListenerEndpointContainer#0-2] o.s.a.r.l.SimpleMessageListenerContainer : Successfully waited for workers to finish.
2022-11-26 15:55:06.992  INFO 47580 --- [SpringApplicationShutdownHook] o.s.a.r.l.SimpleMessageListenerContainer : Shutdown ignored - container is already stopped
2022-11-26 15:55:06.994  INFO 47580 --- [SpringApplicationShutdownHook] j.LocalContainerEntityManagerFactoryBean : Closing JPA EntityManagerFactory for persistence unit 'default'
2022-11-26 15:55:06.994  INFO 47580 --- [SpringApplicationShutdownHook] .SchemaDropperImpl$DelayedDropActionImpl : HHH000477: Starting delayed evictData of schema as part of SessionFactory shut-down'
2022-11-26 15:55:07.206  WARN 47580 --- [SpringApplicationShutdownHook] o.s.b.f.support.DisposableBeanAdapter    : Invocation of destroy method failed on bean with name 'inMemoryDatabaseShutdownExecutor': org.h2.jdbc.JdbcSQLNonTransientConnectionException: Database is already closed (to disable automatic closing at VM shutdown, add ";DB_CLOSE_ON_EXIT=FALSE" to the db URL) [90121-214]
2022-11-26 15:55:07.207  INFO 47580 --- [SpringApplicationShutdownHook] com.zaxxer.hikari.HikariDataSource       : HikariPool-1 - Shutdown initiated...
2022-11-26 15:55:07.211  INFO 47580 --- [SpringApplicationShutdownHook] com.zaxxer.hikari.HikariDataSource       : HikariPool-1 - Shutdown completed.
2022-11-26 15:55:07.211  INFO 47580 --- [SpringApplicationShutdownHook] com.netflix.discovery.DiscoveryClient    : Shutting down DiscoveryClient ...
2022-11-26 15:55:10.213  INFO 47580 --- [SpringApplicationShutdownHook] com.netflix.discovery.DiscoveryClient    : Unregistering ...
2022-11-26 15:55:10.218  INFO 47580 --- [SpringApplicationShutdownHook] com.netflix.discovery.DiscoveryClient    : DiscoveryClient_MSCARTOES/mscartoes:cb32c9c3775b2f6903cb0ce994ba536d - deregister  status: 200
2022-11-26 15:55:10.224  INFO 47580 --- [SpringApplicationShutdownHook] com.netflix.discovery.DiscoveryClient    : Completed shut down of DiscoveryClient
2022-11-26 15:55:54.185  INFO 48310 --- [restartedMain] i.g.j.mscartoes.MscartoesApplication     : Starting MscartoesApplication using Java 17.0.5 on joosecj-pc with PID 48310 (/home/joosecj/Development/Cursos/domineMicroservicesEMensageriaComSpringCloudEDocker/mscartoes/target/classes started by joosecj in /home/joosecj/Development/Cursos/domineMicroservicesEMensageriaComSpringCloudEDocker/mscartoes)
2022-11-26 15:55:54.187  INFO 48310 --- [restartedMain] i.g.j.mscartoes.MscartoesApplication     : No active profile set, falling back to 1 default profile: "default"
2022-11-26 15:55:54.292  INFO 48310 --- [restartedMain] .e.DevToolsPropertyDefaultsPostProcessor : Devtools property defaults active! Set 'spring.devtools.add-properties' to 'false' to disable
2022-11-26 15:55:54.292  INFO 48310 --- [restartedMain] .e.DevToolsPropertyDefaultsPostProcessor : For additional web related logging consider setting the 'logging.level.web' property to 'DEBUG'
2022-11-26 15:55:55.776  INFO 48310 --- [restartedMain] .s.d.r.c.RepositoryConfigurationDelegate : Bootstrapping Spring Data JPA repositories in DEFAULT mode.
2022-11-26 15:55:55.908  INFO 48310 --- [restartedMain] .s.d.r.c.RepositoryConfigurationDelegate : Finished Spring Data repository scanning in 124 ms. Found 2 JPA repository interfaces.
2022-11-26 15:55:56.182  INFO 48310 --- [restartedMain] o.s.cloud.context.scope.GenericScope     : BeanFactory id=4c87ba4a-1584-3b0a-b068-ade254853628
2022-11-26 15:55:56.835  INFO 48310 --- [restartedMain] o.s.b.w.embedded.tomcat.TomcatWebServer  : Tomcat initialized with port(s): 0 (http)
2022-11-26 15:55:56.846  INFO 48310 --- [restartedMain] o.apache.catalina.core.StandardService   : Starting service [Tomcat]
2022-11-26 15:55:56.846  INFO 48310 --- [restartedMain] org.apache.catalina.core.StandardEngine  : Starting Servlet engine: [Apache Tomcat/9.0.68]
2022-11-26 15:55:56.923  INFO 48310 --- [restartedMain] o.a.c.c.C.[Tomcat].[localhost].[/]       : Initializing Spring embedded WebApplicationContext
2022-11-26 15:55:56.923  INFO 48310 --- [restartedMain] w.s.c.ServletWebServerApplicationContext : Root WebApplicationContext: initialization completed in 2630 ms
2022-11-26 15:55:57.061  INFO 48310 --- [restartedMain] com.zaxxer.hikari.HikariDataSource       : HikariPool-1 - Starting...
2022-11-26 15:55:57.296  INFO 48310 --- [restartedMain] com.zaxxer.hikari.HikariDataSource       : HikariPool-1 - Start completed.
2022-11-26 15:55:57.307  INFO 48310 --- [restartedMain] o.s.b.a.h2.H2ConsoleAutoConfiguration    : H2 console available at '/h2-console'. Database available at 'jdbc:h2:mem:4ef49741-fd95-4085-a46a-3d5ebb441cef'
2022-11-26 15:55:57.505  INFO 48310 --- [restartedMain] o.hibernate.jpa.internal.util.LogHelper  : HHH000204: Processing PersistenceUnitInfo [name: default]
2022-11-26 15:55:57.553  INFO 48310 --- [restartedMain] org.hibernate.Version                    : HHH000412: Hibernate ORM core version 5.6.12.Final
2022-11-26 15:55:57.705  INFO 48310 --- [restartedMain] o.hibernate.annotations.common.Version   : HCANN000001: Hibernate Commons Annotations {5.1.2.Final}
2022-11-26 15:55:57.840  INFO 48310 --- [restartedMain] org.hibernate.dialect.Dialect            : HHH000400: Using dialect: org.hibernate.dialect.H2Dialect
2022-11-26 15:55:58.431  INFO 48310 --- [restartedMain] o.h.e.t.j.p.i.JtaPlatformInitiator       : HHH000490: Using JtaPlatform implementation: [org.hibernate.engine.transaction.jta.platform.internal.NoJtaPlatform]
2022-11-26 15:55:58.440  INFO 48310 --- [restartedMain] j.LocalContainerEntityManagerFactoryBean : Initialized JPA EntityManagerFactory for persistence unit 'default'
2022-11-26 15:55:58.974  WARN 48310 --- [restartedMain] JpaBaseConfiguration$JpaWebConfiguration : spring.jpa.open-in-view is enabled by default. Therefore, database queries may be performed during view rendering. Explicitly configure spring.jpa.open-in-view to disable this warning
2022-11-26 15:56:01.532  WARN 48310 --- [restartedMain] o.s.b.d.a.OptionalLiveReloadServer       : Unable to start LiveReload server
2022-11-26 15:56:01.572  INFO 48310 --- [restartedMain] DiscoveryClientOptionalArgsConfiguration : Eureka HTTP Client uses RestTemplate.
2022-11-26 15:56:01.716  WARN 48310 --- [restartedMain] iguration$LoadBalancerCaffeineWarnLogger : Spring Cloud LoadBalancer is currently working with the default cache. While this cache implementation is useful for development and tests, it's recommended to use Caffeine cache in production.You can switch to using Caffeine cache, by adding it and org.springframework.cache.caffeine.CaffeineCacheManager to the classpath.
2022-11-26 15:56:01.768  INFO 48310 --- [restartedMain] o.s.b.a.e.web.EndpointLinksResolver      : Exposing 17 endpoint(s) beneath base path '/actuator'
2022-11-26 15:56:02.889  INFO 48310 --- [restartedMain] o.s.b.w.embedded.tomcat.TomcatWebServer  : Tomcat started on port(s): 35531 (http) with context path ''
2022-11-26 15:56:02.891  INFO 48310 --- [restartedMain] .s.c.n.e.s.EurekaAutoServiceRegistration : Updating port to 35531
2022-11-26 15:56:02.897  INFO 48310 --- [restartedMain] o.s.c.n.eureka.InstanceInfoFactory       : Setting initial instance status as: STARTING
2022-11-26 15:56:03.205  INFO 48310 --- [restartedMain] com.netflix.discovery.DiscoveryClient    : Initializing Eureka in region us-east-1
2022-11-26 15:56:03.227  INFO 48310 --- [restartedMain] c.n.d.s.r.aws.ConfigClusterResolver      : Resolving eureka endpoints via configuration
2022-11-26 15:56:03.314  INFO 48310 --- [restartedMain] com.netflix.discovery.DiscoveryClient    : Disable delta property : false
2022-11-26 15:56:03.315  INFO 48310 --- [restartedMain] com.netflix.discovery.DiscoveryClient    : Single vip registry refresh property : null
2022-11-26 15:56:03.315  INFO 48310 --- [restartedMain] com.netflix.discovery.DiscoveryClient    : Force full registry fetch : false
2022-11-26 15:56:03.315  INFO 48310 --- [restartedMain] com.netflix.discovery.DiscoveryClient    : Application is null : false
2022-11-26 15:56:03.315  INFO 48310 --- [restartedMain] com.netflix.discovery.DiscoveryClient    : Registered Applications size is zero : true
2022-11-26 15:56:03.315  INFO 48310 --- [restartedMain] com.netflix.discovery.DiscoveryClient    : Application version is -1: true
2022-11-26 15:56:03.323  INFO 48310 --- [restartedMain] com.netflix.discovery.DiscoveryClient    : Getting all instance registry info from the eureka server
2022-11-26 15:56:04.249  INFO 48310 --- [restartedMain] com.netflix.discovery.DiscoveryClient    : The response status is 200
2022-11-26 15:56:04.256  INFO 48310 --- [restartedMain] com.netflix.discovery.DiscoveryClient    : Starting heartbeat executor: renew interval is: 30
2022-11-26 15:56:04.279  INFO 48310 --- [restartedMain] c.n.discovery.InstanceInfoReplicator     : InstanceInfoReplicator onDemand update allowed rate per min is 4
2022-11-26 15:56:04.288  INFO 48310 --- [restartedMain] com.netflix.discovery.DiscoveryClient    : Discovery Client initialized at timestamp 1669488964287 with initial instances count: 2
2022-11-26 15:56:04.294  INFO 48310 --- [restartedMain] o.s.c.n.e.s.EurekaServiceRegistry        : Registering application MSCARTOES with eureka with status UP
2022-11-26 15:56:04.295  INFO 48310 --- [restartedMain] com.netflix.discovery.DiscoveryClient    : Saw local status change event StatusChangeEvent [timestamp=1669488964295, current=UP, previous=STARTING]
2022-11-26 15:56:04.303  INFO 48310 --- [DiscoveryClient-InstanceInfoReplicator-0] com.netflix.discovery.DiscoveryClient    : DiscoveryClient_MSCARTOES/mscartoes:5619e5c70da46cfb187e3c6be5b425a6: registering service...
2022-11-26 15:56:04.308  INFO 48310 --- [restartedMain] o.s.a.r.c.CachingConnectionFactory       : Attempting to connect to: [localhost:5672]
2022-11-26 15:56:04.531  INFO 48310 --- [restartedMain] o.s.a.r.c.CachingConnectionFactory       : Created new connection: rabbitConnectionFactory#2232744c:0/SimpleConnection@7b01851a [delegate=amqp://guest@127.0.0.1:5672/, localPort= 43536]
2022-11-26 15:56:04.798  INFO 48310 --- [DiscoveryClient-InstanceInfoReplicator-0] com.netflix.discovery.DiscoveryClient    : DiscoveryClient_MSCARTOES/mscartoes:5619e5c70da46cfb187e3c6be5b425a6 - registration status: 204
2022-11-26 15:56:04.799  INFO 48310 --- [restartedMain] i.g.j.mscartoes.MscartoesApplication     : Started MscartoesApplication in 11.287 seconds (JVM running for 12.295)
2022-11-26 15:56:05.234  INFO 48310 --- [RMI TCP Connection(7)-127.0.0.1] o.a.c.c.C.[Tomcat].[localhost].[/]       : Initializing Spring DispatcherServlet 'dispatcherServlet'
2022-11-26 15:56:05.237  INFO 48310 --- [RMI TCP Connection(7)-127.0.0.1] o.s.web.servlet.DispatcherServlet        : Initializing Servlet 'dispatcherServlet'
2022-11-26 15:56:05.248  INFO 48310 --- [RMI TCP Connection(7)-127.0.0.1] o.s.web.servlet.DispatcherServlet        : Completed initialization in 9 ms
2022-11-26 15:57:30.630  INFO 48310 --- [http-nio-auto-1-exec-1] o.springdoc.api.AbstractOpenApiResource  : Init duration for springdoc-openapi is: 194 ms
