2022-11-26 15:50:07.515  INFO 46710 --- [restartedMain] i.g.j.m.MsavaliadorcreditoApplication    : Starting MsavaliadorcreditoApplication using Java 17.0.5 on joosecj-pc with PID 46710 (/home/joosecj/Development/Cursos/domineMicroservicesEMensageriaComSpringCloudEDocker/msavaliadorcredito/target/classes started by joosecj in /home/joosecj/Development/Cursos/domineMicroservicesEMensageriaComSpringCloudEDocker/msavaliadorcredito)
2022-11-26 15:50:07.518  INFO 46710 --- [restartedMain] i.g.j.m.MsavaliadorcreditoApplication    : No active profile set, falling back to 1 default profile: "default"
2022-11-26 15:50:07.639  INFO 46710 --- [restartedMain] .e.DevToolsPropertyDefaultsPostProcessor : Devtools property defaults active! Set 'spring.devtools.add-properties' to 'false' to disable
2022-11-26 15:50:07.640  INFO 46710 --- [restartedMain] .e.DevToolsPropertyDefaultsPostProcessor : For additional web related logging consider setting the 'logging.level.web' property to 'DEBUG'
2022-11-26 15:50:09.680  INFO 46710 --- [restartedMain] o.s.cloud.context.scope.GenericScope     : BeanFactory id=11b9f870-111c-3ea3-bbb8-a8412d3f233b
2022-11-26 15:50:10.695  INFO 46710 --- [restartedMain] o.s.b.w.embedded.tomcat.TomcatWebServer  : Tomcat initialized with port(s): 0 (http)
2022-11-26 15:50:10.708  INFO 46710 --- [restartedMain] o.apache.catalina.core.StandardService   : Starting service [Tomcat]
2022-11-26 15:50:10.708  INFO 46710 --- [restartedMain] org.apache.catalina.core.StandardEngine  : Starting Servlet engine: [Apache Tomcat/9.0.68]
2022-11-26 15:50:10.812  INFO 46710 --- [restartedMain] o.a.c.c.C.[Tomcat].[localhost].[/]       : Initializing Spring embedded WebApplicationContext
2022-11-26 15:50:10.813  INFO 46710 --- [restartedMain] w.s.c.ServletWebServerApplicationContext : Root WebApplicationContext: initialization completed in 3172 ms
2022-11-26 15:50:11.345  WARN 46710 --- [restartedMain] o.s.b.d.a.OptionalLiveReloadServer       : Unable to start LiveReload server
2022-11-26 15:50:11.489  INFO 46710 --- [restartedMain] o.s.c.openfeign.FeignClientFactoryBean   : For 'msclientes' URL not provided. Will try picking an instance via load-balancing.
2022-11-26 15:50:11.705  INFO 46710 --- [restartedMain] o.s.c.openfeign.FeignClientFactoryBean   : For 'mscartoes' URL not provided. Will try picking an instance via load-balancing.
2022-11-26 15:50:13.690  INFO 46710 --- [restartedMain] DiscoveryClientOptionalArgsConfiguration : Eureka HTTP Client uses RestTemplate.
2022-11-26 15:50:13.822  WARN 46710 --- [restartedMain] iguration$LoadBalancerCaffeineWarnLogger : Spring Cloud LoadBalancer is currently working with the default cache. While this cache implementation is useful for development and tests, it's recommended to use Caffeine cache in production.You can switch to using Caffeine cache, by adding it and org.springframework.cache.caffeine.CaffeineCacheManager to the classpath.
2022-11-26 15:50:14.073  INFO 46710 --- [restartedMain] o.s.b.w.embedded.tomcat.TomcatWebServer  : Tomcat started on port(s): 35397 (http) with context path ''
2022-11-26 15:50:14.075  INFO 46710 --- [restartedMain] .s.c.n.e.s.EurekaAutoServiceRegistration : Updating port to 35397
2022-11-26 15:50:14.086  INFO 46710 --- [restartedMain] o.s.c.n.eureka.InstanceInfoFactory       : Setting initial instance status as: STARTING
2022-11-26 15:50:14.139  INFO 46710 --- [restartedMain] com.netflix.discovery.DiscoveryClient    : Initializing Eureka in region us-east-1
2022-11-26 15:50:14.147  INFO 46710 --- [restartedMain] c.n.d.s.r.aws.ConfigClusterResolver      : Resolving eureka endpoints via configuration
2022-11-26 15:50:14.177  INFO 46710 --- [restartedMain] com.netflix.discovery.DiscoveryClient    : Disable delta property : false
2022-11-26 15:50:14.177  INFO 46710 --- [restartedMain] com.netflix.discovery.DiscoveryClient    : Single vip registry refresh property : null
2022-11-26 15:50:14.178  INFO 46710 --- [restartedMain] com.netflix.discovery.DiscoveryClient    : Force full registry fetch : false
2022-11-26 15:50:14.183  INFO 46710 --- [restartedMain] com.netflix.discovery.DiscoveryClient    : Application is null : false
2022-11-26 15:50:14.185  INFO 46710 --- [restartedMain] com.netflix.discovery.DiscoveryClient    : Registered Applications size is zero : true
2022-11-26 15:50:14.185  INFO 46710 --- [restartedMain] com.netflix.discovery.DiscoveryClient    : Application version is -1: true
2022-11-26 15:50:14.185  INFO 46710 --- [restartedMain] com.netflix.discovery.DiscoveryClient    : Getting all instance registry info from the eureka server
2022-11-26 15:50:14.800  INFO 46710 --- [restartedMain] com.netflix.discovery.DiscoveryClient    : The response status is 200
2022-11-26 15:50:14.816  INFO 46710 --- [restartedMain] com.netflix.discovery.DiscoveryClient    : Starting heartbeat executor: renew interval is: 30
2022-11-26 15:50:14.821  INFO 46710 --- [restartedMain] c.n.discovery.InstanceInfoReplicator     : InstanceInfoReplicator onDemand update allowed rate per min is 4
2022-11-26 15:50:14.829  INFO 46710 --- [restartedMain] com.netflix.discovery.DiscoveryClient    : Discovery Client initialized at timestamp 1669488614828 with initial instances count: 2
2022-11-26 15:50:14.830  INFO 46710 --- [restartedMain] o.s.c.n.e.s.EurekaServiceRegistry        : Registering application MSAVALIADORCREDITO with eureka with status UP
2022-11-26 15:50:14.832  INFO 46710 --- [restartedMain] com.netflix.discovery.DiscoveryClient    : Saw local status change event StatusChangeEvent [timestamp=1669488614832, current=UP, previous=STARTING]
2022-11-26 15:50:14.834  INFO 46710 --- [DiscoveryClient-InstanceInfoReplicator-0] com.netflix.discovery.DiscoveryClient    : DiscoveryClient_MSAVALIADORCREDITO/msavaliadorcredito:87a067a4116b6234af517ca48b5ddba5: registering service...
2022-11-26 15:50:14.863  INFO 46710 --- [restartedMain] i.g.j.m.MsavaliadorcreditoApplication    : Started MsavaliadorcreditoApplication in 8.261 seconds (JVM running for 9.637)
2022-11-26 15:50:15.074  INFO 46710 --- [DiscoveryClient-InstanceInfoReplicator-0] com.netflix.discovery.DiscoveryClient    : DiscoveryClient_MSAVALIADORCREDITO/msavaliadorcredito:87a067a4116b6234af517ca48b5ddba5 - registration status: 204
2022-11-26 15:50:57.976  INFO 46710 --- [http-nio-auto-1-exec-1] o.a.c.c.C.[Tomcat].[localhost].[/]       : Initializing Spring DispatcherServlet 'dispatcherServlet'
2022-11-26 15:50:57.976  INFO 46710 --- [http-nio-auto-1-exec-1] o.s.web.servlet.DispatcherServlet        : Initializing Servlet 'dispatcherServlet'
2022-11-26 15:50:57.977  INFO 46710 --- [http-nio-auto-1-exec-1] o.s.web.servlet.DispatcherServlet        : Completed initialization in 1 ms
2022-11-26 15:53:47.339  INFO 46710 --- [http-nio-auto-1-exec-6] o.springdoc.api.AbstractOpenApiResource  : Init duration for springdoc-openapi is: 127 ms
2022-11-26 15:55:14.188  INFO 46710 --- [AsyncResolver-bootstrap-executor-0] c.n.d.s.r.aws.ConfigClusterResolver      : Resolving eureka endpoints via configuration
2022-11-26 15:55:26.885  INFO 46710 --- [SpringApplicationShutdownHook] o.s.c.n.e.s.EurekaServiceRegistry        : Unregistering application MSAVALIADORCREDITO with eureka with status DOWN
2022-11-26 15:55:26.886  INFO 46710 --- [SpringApplicationShutdownHook] com.netflix.discovery.DiscoveryClient    : Saw local status change event StatusChangeEvent [timestamp=1669488926886, current=DOWN, previous=UP]
2022-11-26 15:55:26.887  INFO 46710 --- [DiscoveryClient-InstanceInfoReplicator-0] com.netflix.discovery.DiscoveryClient    : DiscoveryClient_MSAVALIADORCREDITO/msavaliadorcredito:87a067a4116b6234af517ca48b5ddba5: registering service...
2022-11-26 15:55:26.894  INFO 46710 --- [DiscoveryClient-InstanceInfoReplicator-0] com.netflix.discovery.DiscoveryClient    : DiscoveryClient_MSAVALIADORCREDITO/msavaliadorcredito:87a067a4116b6234af517ca48b5ddba5 - registration status: 204
2022-11-26 15:55:26.897  INFO 46710 --- [SpringApplicationShutdownHook] o.apache.catalina.core.StandardService   : Stopping service [Tomcat]
2022-11-26 15:55:26.925  INFO 46710 --- [SpringApplicationShutdownHook] com.netflix.discovery.DiscoveryClient    : Shutting down DiscoveryClient ...
2022-11-26 15:55:29.928  INFO 46710 --- [SpringApplicationShutdownHook] com.netflix.discovery.DiscoveryClient    : Unregistering ...
2022-11-26 15:55:29.933  INFO 46710 --- [SpringApplicationShutdownHook] com.netflix.discovery.DiscoveryClient    : DiscoveryClient_MSAVALIADORCREDITO/msavaliadorcredito:87a067a4116b6234af517ca48b5ddba5 - deregister  status: 200
2022-11-26 15:55:29.940  INFO 46710 --- [SpringApplicationShutdownHook] com.netflix.discovery.DiscoveryClient    : Completed shut down of DiscoveryClient
2022-11-26 15:56:13.614  INFO 48605 --- [restartedMain] i.g.j.m.MsavaliadorcreditoApplication    : Starting MsavaliadorcreditoApplication using Java 17.0.5 on joosecj-pc with PID 48605 (/home/joosecj/Development/Cursos/domineMicroservicesEMensageriaComSpringCloudEDocker/msavaliadorcredito/target/classes started by joosecj in /home/joosecj/Development/Cursos/domineMicroservicesEMensageriaComSpringCloudEDocker/msavaliadorcredito)
2022-11-26 15:56:13.616  INFO 48605 --- [restartedMain] i.g.j.m.MsavaliadorcreditoApplication    : No active profile set, falling back to 1 default profile: "default"
2022-11-26 15:56:13.743  INFO 48605 --- [restartedMain] .e.DevToolsPropertyDefaultsPostProcessor : Devtools property defaults active! Set 'spring.devtools.add-properties' to 'false' to disable
2022-11-26 15:56:13.745  INFO 48605 --- [restartedMain] .e.DevToolsPropertyDefaultsPostProcessor : For additional web related logging consider setting the 'logging.level.web' property to 'DEBUG'
2022-11-26 15:56:15.770  INFO 48605 --- [restartedMain] o.s.cloud.context.scope.GenericScope     : BeanFactory id=b9ccc94b-0eb5-38a2-90fe-d1bbbd951669
2022-11-26 15:56:16.443  INFO 48605 --- [restartedMain] o.s.b.w.embedded.tomcat.TomcatWebServer  : Tomcat initialized with port(s): 0 (http)
2022-11-26 15:56:16.453  INFO 48605 --- [restartedMain] o.apache.catalina.core.StandardService   : Starting service [Tomcat]
2022-11-26 15:56:16.454  INFO 48605 --- [restartedMain] org.apache.catalina.core.StandardEngine  : Starting Servlet engine: [Apache Tomcat/9.0.68]
2022-11-26 15:56:16.538  INFO 48605 --- [restartedMain] o.a.c.c.C.[Tomcat].[localhost].[/]       : Initializing Spring embedded WebApplicationContext
2022-11-26 15:56:16.538  INFO 48605 --- [restartedMain] w.s.c.ServletWebServerApplicationContext : Root WebApplicationContext: initialization completed in 2792 ms
2022-11-26 15:56:16.983  WARN 48605 --- [restartedMain] o.s.b.d.a.OptionalLiveReloadServer       : Unable to start LiveReload server
2022-11-26 15:56:17.040  INFO 48605 --- [restartedMain] o.s.c.openfeign.FeignClientFactoryBean   : For 'msclientes' URL not provided. Will try picking an instance via load-balancing.
2022-11-26 15:56:17.113  INFO 48605 --- [restartedMain] o.s.c.openfeign.FeignClientFactoryBean   : For 'mscartoes' URL not provided. Will try picking an instance via load-balancing.
2022-11-26 15:56:18.625  INFO 48605 --- [restartedMain] DiscoveryClientOptionalArgsConfiguration : Eureka HTTP Client uses RestTemplate.
2022-11-26 15:56:18.675  WARN 48605 --- [restartedMain] iguration$LoadBalancerCaffeineWarnLogger : Spring Cloud LoadBalancer is currently working with the default cache. While this cache implementation is useful for development and tests, it's recommended to use Caffeine cache in production.You can switch to using Caffeine cache, by adding it and org.springframework.cache.caffeine.CaffeineCacheManager to the classpath.
2022-11-26 15:56:18.685  INFO 48605 --- [restartedMain] o.s.b.a.e.web.EndpointLinksResolver      : Exposing 17 endpoint(s) beneath base path '/actuator'
2022-11-26 15:56:18.816  INFO 48605 --- [restartedMain] o.s.b.w.embedded.tomcat.TomcatWebServer  : Tomcat started on port(s): 34855 (http) with context path ''
2022-11-26 15:56:18.818  INFO 48605 --- [restartedMain] .s.c.n.e.s.EurekaAutoServiceRegistration : Updating port to 34855
2022-11-26 15:56:18.823  INFO 48605 --- [restartedMain] o.s.c.n.eureka.InstanceInfoFactory       : Setting initial instance status as: STARTING
2022-11-26 15:56:18.870  INFO 48605 --- [restartedMain] com.netflix.discovery.DiscoveryClient    : Initializing Eureka in region us-east-1
2022-11-26 15:56:18.877  INFO 48605 --- [restartedMain] c.n.d.s.r.aws.ConfigClusterResolver      : Resolving eureka endpoints via configuration
2022-11-26 15:56:18.902  INFO 48605 --- [restartedMain] com.netflix.discovery.DiscoveryClient    : Disable delta property : false
2022-11-26 15:56:18.903  INFO 48605 --- [restartedMain] com.netflix.discovery.DiscoveryClient    : Single vip registry refresh property : null
2022-11-26 15:56:18.903  INFO 48605 --- [restartedMain] com.netflix.discovery.DiscoveryClient    : Force full registry fetch : false
2022-11-26 15:56:18.903  INFO 48605 --- [restartedMain] com.netflix.discovery.DiscoveryClient    : Application is null : false
2022-11-26 15:56:18.903  INFO 48605 --- [restartedMain] com.netflix.discovery.DiscoveryClient    : Registered Applications size is zero : true
2022-11-26 15:56:18.903  INFO 48605 --- [restartedMain] com.netflix.discovery.DiscoveryClient    : Application version is -1: true
2022-11-26 15:56:18.903  INFO 48605 --- [restartedMain] com.netflix.discovery.DiscoveryClient    : Getting all instance registry info from the eureka server
2022-11-26 15:56:19.275  INFO 48605 --- [restartedMain] com.netflix.discovery.DiscoveryClient    : The response status is 200
2022-11-26 15:56:19.278  INFO 48605 --- [restartedMain] com.netflix.discovery.DiscoveryClient    : Starting heartbeat executor: renew interval is: 30
2022-11-26 15:56:19.281  INFO 48605 --- [restartedMain] c.n.discovery.InstanceInfoReplicator     : InstanceInfoReplicator onDemand update allowed rate per min is 4
2022-11-26 15:56:19.288  INFO 48605 --- [restartedMain] com.netflix.discovery.DiscoveryClient    : Discovery Client initialized at timestamp 1669488979287 with initial instances count: 2
2022-11-26 15:56:19.290  INFO 48605 --- [restartedMain] o.s.c.n.e.s.EurekaServiceRegistry        : Registering application MSAVALIADORCREDITO with eureka with status UP
2022-11-26 15:56:19.291  INFO 48605 --- [restartedMain] com.netflix.discovery.DiscoveryClient    : Saw local status change event StatusChangeEvent [timestamp=1669488979291, current=UP, previous=STARTING]
2022-11-26 15:56:19.292  INFO 48605 --- [DiscoveryClient-InstanceInfoReplicator-0] com.netflix.discovery.DiscoveryClient    : DiscoveryClient_MSAVALIADORCREDITO/msavaliadorcredito:b2e087c332a167613b3dec0ff9df386a: registering service...
2022-11-26 15:56:19.323  INFO 48605 --- [restartedMain] i.g.j.m.MsavaliadorcreditoApplication    : Started MsavaliadorcreditoApplication in 6.656 seconds (JVM running for 7.86)
2022-11-26 15:56:19.457  INFO 48605 --- [DiscoveryClient-InstanceInfoReplicator-0] com.netflix.discovery.DiscoveryClient    : DiscoveryClient_MSAVALIADORCREDITO/msavaliadorcredito:b2e087c332a167613b3dec0ff9df386a - registration status: 204
2022-11-26 15:56:19.526  INFO 48605 --- [RMI TCP Connection(3)-127.0.0.1] o.s.a.r.c.CachingConnectionFactory       : Attempting to connect to: [localhost:5672]
2022-11-26 15:56:19.527  INFO 48605 --- [RMI TCP Connection(2)-127.0.0.1] o.a.c.c.C.[Tomcat].[localhost].[/]       : Initializing Spring DispatcherServlet 'dispatcherServlet'
2022-11-26 15:56:19.528  INFO 48605 --- [RMI TCP Connection(2)-127.0.0.1] o.s.web.servlet.DispatcherServlet        : Initializing Servlet 'dispatcherServlet'
2022-11-26 15:56:19.530  INFO 48605 --- [RMI TCP Connection(2)-127.0.0.1] o.s.web.servlet.DispatcherServlet        : Completed initialization in 2 ms
2022-11-26 15:56:19.608  INFO 48605 --- [RMI TCP Connection(3)-127.0.0.1] o.s.a.r.c.CachingConnectionFactory       : Created new connection: rabbitConnectionFactory#31df7823:0/SimpleConnection@39e47102 [delegate=amqp://guest@127.0.0.1:5672/, localPort= 39850]
2022-11-26 15:57:24.377  INFO 48605 --- [http-nio-auto-1-exec-2] o.springdoc.api.AbstractOpenApiResource  : Init duration for springdoc-openapi is: 153 ms
